<?xml version="1.0" encoding="UTF-8"?>
<!-- Generated by org.testng.reporters.JUnitReportReporter -->
<testsuite hostname="RAHUL" failures="0" tests="4" name="api.test.UserTests" time="9.222" errors="0" timestamp="2024-12-26T18:22:11 IST" skipped="0">
  <testcase classname="api.test.UserTests" name="testPostUser" time="2.945"/>
  <testcase classname="api.test.UserTests" name="testGetUserByName" time="1.752"/>
  <testcase classname="api.test.UserTests" name="testUpdateUserByName" time="2.875"/>
  <testcase classname="api.test.UserTests" name="testDeleteUserByName" time="1.650"/>
</testsuite> <!-- api.test.UserTests -->
