<?xml version="1.0" encoding="UTF-8"?>
<!-- Generated by org.testng.reporters.JUnitReportReporter -->
<testsuite hostname="RAHUL" failures="0" tests="4" name="api.test.UserTests2" time="9.274" errors="0" timestamp="2024-12-26T19:35:34 IST" skipped="0">
  <testcase classname="api.test.UserTests2" name="testPostUser" time="3.239"/>
  <testcase classname="api.test.UserTests2" name="testGetUserByName" time="1.438"/>
  <testcase classname="api.test.UserTests2" name="testUpdateUserByName" time="2.876"/>
  <testcase classname="api.test.UserTests2" name="testDeleteUserByName" time="1.721"/>
</testsuite> <!-- api.test.UserTests2 -->
