<?xml version="1.0" encoding="UTF-8"?>
<!-- Generated by org.testng.reporters.JUnitReportReporter -->
<testsuite hostname="RAHUL" failures="0" tests="6" name="api.test.DDTests" time="9.814" errors="0" timestamp="2024-12-25T23:31:25 IST" skipped="0">
  <testcase classname="api.test.DDTests" name="testPostUser" time="1.397"/>
  <testcase classname="api.test.DDTests" name="testPostUser" time="1.326"/>
  <testcase classname="api.test.DDTests" name="testPostUser" time="3.166"/>
  <testcase classname="api.test.DDTests" name="testDeleteUserByName" time="1.327"/>
  <testcase classname="api.test.DDTests" name="testDeleteUserByName" time="1.241"/>
  <testcase classname="api.test.DDTests" name="testDeleteUserByName" time="1.357"/>
</testsuite> <!-- api.test.DDTests -->
