<?xml version="1.0" encoding="UTF-8"?>
<!-- Generated by org.testng.reporters.JUnitReportReporter -->
<testsuite hostname="RAHUL" failures="0" tests="4" name="api.test.UserTests2" time="9.419" errors="0" timestamp="2024-12-26T23:17:54 IST" skipped="0">
  <testcase classname="api.test.UserTests2" name="testPostUser" time="3.706"/>
  <testcase classname="api.test.UserTests2" name="testGetUserByName" time="1.338"/>
  <testcase classname="api.test.UserTests2" name="testUpdateUserByName" time="2.844"/>
  <testcase classname="api.test.UserTests2" name="testDeleteUserByName" time="1.531"/>
</testsuite> <!-- api.test.UserTests2 -->
